Build started 5/14/2015 6:51:49 PM.
     1>Project "C:\dev\Rocket\Github\SD_CARD\FAT16.vcxproj" on node 2 (Build target(s)).
     1>ClCompile:
         C:\Program Files (x86)\Microsoft Visual Studio 11.0\VC\bin\CL.exe /c /ZI /nologo /W3 /WX- /Od /Oy- /D _MBCS /Gm /EHsc /RTC1 /MDd /GS /fp:precise /Zc:wchar_t /Zc:forScope /Fo"Debug\\" /Fd"Debug\vc110.pdb" /Gd /TP /analyze- /errorReport:prompt functions.cpp main.cpp
         main.cpp
     1>c:\dev\rocket\github\sd_card\main.cpp(7): warning C4996: 'fopen': This function or variable may be unsafe. Consider using fopen_s instead. To disable deprecation, use _CRT_SECURE_NO_WARNINGS. See online help for details.
                 c:\program files (x86)\microsoft visual studio 11.0\vc\include\stdio.h(218) : see declaration of 'fopen'
     1>c:\dev\rocket\github\sd_card\main.cpp(9): warning C4996: 'fopen': This function or variable may be unsafe. Consider using fopen_s instead. To disable deprecation, use _CRT_SECURE_NO_WARNINGS. See online help for details.
                 c:\program files (x86)\microsoft visual studio 11.0\vc\include\stdio.h(218) : see declaration of 'fopen'
     1>c:\dev\rocket\github\sd_card\main.cpp(87): warning C4996: 'fopen': This function or variable may be unsafe. Consider using fopen_s instead. To disable deprecation, use _CRT_SECURE_NO_WARNINGS. See online help for details.
                 c:\program files (x86)\microsoft visual studio 11.0\vc\include\stdio.h(218) : see declaration of 'fopen'
         Generating Code...
         Compiling...
         functions.cpp
         Generating Code...
     1>c:\dev\rocket\github\sd_card\functions.cpp(113): warning C4715: 'print_partition_table' : not all control paths return a value
       Link:
         C:\Program Files (x86)\Microsoft Visual Studio 11.0\VC\bin\link.exe /ERRORREPORT:PROMPT /OUT:"C:\dev\Rocket\Github\SD_CARD\Debug\FAT16.exe" /INCREMENTAL /NOLOGO kernel32.lib user32.lib gdi32.lib winspool.lib comdlg32.lib advapi32.lib shell32.lib ole32.lib oleaut32.lib uuid.lib odbc32.lib odbccp32.lib /MANIFEST /MANIFESTUAC:"level='asInvoker' uiAccess='false'" /manifest:embed /DEBUG /PDB:"C:\dev\Rocket\Github\SD_CARD\Debug\FAT16.pdb" /TLBID:1 /DYNAMICBASE /NXCOMPAT /IMPLIB:"C:\dev\Rocket\Github\SD_CARD\Debug\FAT16.lib" /MACHINE:X86 Debug\functions.obj
         Debug\main.obj
         FAT16.vcxproj -> C:\dev\Rocket\Github\SD_CARD\Debug\FAT16.exe
     1>Done Building Project "C:\dev\Rocket\Github\SD_CARD\FAT16.vcxproj" (Build target(s)).

Build succeeded.

Time Elapsed 00:00:00.59
